c:\users\alejandro\documents\visual studio 2013\projects\musicplayer\musicplayer\debug\vc120.pdb
c:\users\alejandro\documents\visual studio 2013\projects\musicplayer\musicplayer\debug\vc120.idb
c:\users\alejandro\documents\visual studio 2013\projects\musicplayer\musicplayer\debug\cancion.obj
c:\users\alejandro\documents\visual studio 2013\projects\musicplayer\musicplayer\debug\cancionldc.obj
c:\users\alejandro\documents\visual studio 2013\projects\musicplayer\musicplayer\debug\listadelistas.obj
c:\users\alejandro\documents\visual studio 2013\projects\musicplayer\musicplayer\debug\musicplayer.obj
c:\users\alejandro\documents\visual studio 2013\projects\musicplayer\musicplayer\debug\nodocancion.obj
c:\users\alejandro\documents\visual studio 2013\projects\musicplayer\musicplayer\debug\stdafx.obj
c:\users\alejandro\documents\visual studio 2013\projects\musicplayer\musicplayer\debug\autor.obj
c:\users\alejandro\documents\visual studio 2013\projects\musicplayer\musicplayer\debug\autorlist.obj
c:\users\alejandro\documents\visual studio 2013\projects\musicplayer\musicplayer\debug\nodoautor.obj
c:\users\alejandro\documents\proyecto estructuras de datos\proyectodatos\musicplayer\musicplayer\debug\vc120.pdb
c:\users\alejandro\documents\proyecto estructuras de datos\proyectodatos\musicplayer\musicplayer\debug\vc120.idb
c:\users\alejandro\documents\proyecto estructuras de datos\proyectodatos\musicplayer\musicplayer\debug\autor.obj
c:\users\alejandro\documents\proyecto estructuras de datos\proyectodatos\musicplayer\musicplayer\debug\autorlist.obj
c:\users\alejandro\documents\proyecto estructuras de datos\proyectodatos\musicplayer\musicplayer\debug\cancion.obj
c:\users\alejandro\documents\proyecto estructuras de datos\proyectodatos\musicplayer\musicplayer\debug\musicplayer.obj
c:\users\alejandro\documents\proyecto estructuras de datos\proyectodatos\musicplayer\musicplayer\debug\nodoautor.obj
c:\users\alejandro\documents\proyecto estructuras de datos\proyectodatos\musicplayer\musicplayer\debug\nodocancion.obj
c:\users\alejandro\documents\proyecto estructuras de datos\proyectodatos\musicplayer\musicplayer\debug\stdafx.obj
c:\users\alejandro\documents\proyecto estructuras de datos\proyectodatos\musicplayer\musicplayer\debug\cancionldc.obj
c:\users\alejandro\documents\proyecto estructuras de datos\proyectodatos\musicplayer\musicplayer\debug\listadelistas.obj
c:\users\alejandro\documents\visual studio 2013\projects\musicplayer\debug\musicplayer.ilk
c:\users\alejandro\documents\visual studio 2013\projects\musicplayer\debug\musicplayer.exe
c:\users\alejandro\documents\visual studio 2013\projects\musicplayer\debug\musicplayer.pdb
c:\users\alejandro\documents\proyecto estructuras de datos\proyectodatos\musicplayer\debug\musicplayer.pdb
c:\users\alejandro\documents\proyecto estructuras de datos\proyectodatos\musicplayer\debug\musicplayer.exe
c:\users\alejandro\documents\proyecto estructuras de datos\proyectodatos\musicplayer\debug\musicplayer.ilk
c:\users\alejandro\documents\proyecto estructuras de datos\proyectodatos\musicplayer\musicplayer\debug\musicplayer.tlog\cl.command.1.tlog
c:\users\alejandro\documents\proyecto estructuras de datos\proyectodatos\musicplayer\musicplayer\debug\musicplayer.tlog\cl.read.1.tlog
c:\users\alejandro\documents\proyecto estructuras de datos\proyectodatos\musicplayer\musicplayer\debug\musicplayer.tlog\cl.write.1.tlog
c:\users\alejandro\documents\proyecto estructuras de datos\proyectodatos\musicplayer\musicplayer\debug\musicplayer.tlog\link.command.1.tlog
c:\users\alejandro\documents\proyecto estructuras de datos\proyectodatos\musicplayer\musicplayer\debug\musicplayer.tlog\link.read.1.tlog
c:\users\alejandro\documents\proyecto estructuras de datos\proyectodatos\musicplayer\musicplayer\debug\musicplayer.tlog\link.write.1.tlog
